<?xml version="1.0" encoding="UTF-8"?>
<testng-results skipped="0" failed="0" total="1" passed="1">
  <reporter-output>
  </reporter-output>
  <suite name="Default suite" duration-ms="2398" started-at="2022-08-24T05:27:33Z" finished-at="2022-08-24T05:27:35Z">
    <groups>
    </groups>
    <test name="Default test" duration-ms="2398" started-at="2022-08-24T05:27:33Z" finished-at="2022-08-24T05:27:35Z">
      <class name="files.DynamicJson">
        <test-method status="PASS" signature="addBook()[pri:0, instance:files.DynamicJson@7dc7cbad]" name="addBook" duration-ms="2385" started-at="2022-08-24T10:57:33Z" finished-at="2022-08-24T10:57:35Z">
          <reporter-output>
          </reporter-output>
        </test-method> <!-- addBook -->
      </class> <!-- files.DynamicJson -->
    </test> <!-- Default test -->
  </suite> <!-- Default suite -->
</testng-results>
